{
  "RSpec": {
    "coverage": {
      "/home/cd1412/Development/code/Phase0/tic-tac-toe-rb/lib/tic_tac_toe.rb": [
        null,
        null,
        null,
        null,
        1,
        null,
        null,
        null,
        null,
        null,
        null,
        null,
        null,
        null,
        null,
        null,
        null,
        1,
        null,
        1,
        24,
        24,
        24,
        24,
        24,
        null,
        null,
        null,
        null,
        1,
        22,
        null,
        null,
        null,
        null,
        1,
        21,
        null,
        null,
        null,
        1,
        232,
        176,
        null,
        56,
        null,
        null,
        null,
        null,
        null,
        1,
        22,
        19,
        null,
        null,
        null,
        null,
        1,
        20,
        20,
        180,
        31,
        null,
        null,
        20,
        null,
        null,
        null,
        null,
        null,
        1,
        19,
        13,
        null,
        6,
        null,
        null,
        null,
        null,
        null,
        null,
        null,
        1,
        19,
        19,
        19,
        19,
        18,
        null,
        null,
        null,
        null,
        null,
        1,
        null,
        19,
        null,
        null,
        null,
        null,
        null,
        null,
        1,
        104,
        null,
        null,
        624,
        624,
        624,
        null,
        624,
        624,
        624,
        null,
        624,
        null,
        53,
        null,
        null,
        51,
        null,
        null,
        null,
        1,
        32,
        149,
        null,
        null,
        null,
        null,
        null,
        1,
        28,
        null,
        7,
        21,
        null,
        null,
        null,
        null,
        14,
        7,
        7,
        null,
        null,
        null,
        null,
        null,
        1,
        20,
        null,
        null,
        10,
        null,
        10,
        null,
        null,
        null,
        null,
        1,
        12,
        null,
        11,
        null,
        null,
        null,
        null,
        null,
        null,
        null,
        null,
        null,
        null,
        null,
        null,
        null,
        1,
        12,
        16,
        null,
        null,
        12,
        5,
        null,
        5,
        7,
        3,
        null,
        null
      ]
    },
    "timestamp": 1633321585
  }
}
